2015/06/07 20:53:49 [error] [exception.CDbException] exception 'CDbException' with message 'CDbConnection failed to open the DB connection: SQLSTATE[08006] [7] could not translate host name "xxx.xxx.x.xxx" to address: Name or service not known' in /var/www/hola-bebe/yii/framework/db/CDbConnection.php:399
Stack trace:
#0 /var/www/hola-bebe/yii/framework/db/CDbConnection.php(347): CDbConnection->open()
#1 /var/www/hola-bebe/yii/framework/db/CDbConnection.php(325): CDbConnection->setActive(true)
#2 /var/www/hola-bebe/yii/framework/base/CModule.php(394): CDbConnection->init()
#3 /var/www/hola-bebe/yii/framework/base/CApplication.php(458): CModule->getComponent('db')
#4 /var/www/hola-bebe/yii/framework/db/ar/CActiveRecord.php(637): CApplication->getDb()
#5 /var/www/hola-bebe/yii/framework/db/ar/CActiveRecord.php(1433): CActiveRecord->getDbConnection()
#6 /var/www/hola-bebe/yii/framework/db/ar/CActiveRecord.php(1489): CActiveRecord->getTableAlias(true)
#7 /var/www/hola-bebe/protocolizacion/protected/modules/cruge/models/data/CrugeSession.php(90): CActiveRecord->findByPk(39)
#8 /var/www/hola-bebe/protocolizacion/protected/modules/cruge/components/CrugeFactory.php(46): CrugeSession::loadModel(39)
#9 /var/www/hola-bebe/protocolizacion/protected/modules/cruge/components/CrugeUserManager.php(412): CrugeFactory->getICrugeSession(39)
#10 /var/www/hola-bebe/protocolizacion/protected/modules/cruge/components/CrugeWebUser.php(451): CrugeUserManager->loadSession(39)
#11 /var/www/hola-bebe/protocolizacion/protected/modules/cruge/components/CrugeWebUser.php(229): CrugeWebUser->getICrugeSession()
#12 /var/www/hola-bebe/protocolizacion/protected/modules/cruge/components/CrugeWebUser.php(242): CrugeWebUser->getId()
#13 /var/www/hola-bebe/yii/framework/web/auth/CWebUser.php(200): CrugeWebUser->getIsGuest()
#14 /var/www/hola-bebe/protocolizacion/protected/modules/cruge/components/CrugeWebUser.php(45): CWebUser->init()
#15 /var/www/hola-bebe/yii/framework/base/CModule.php(394): CrugeWebUser->init()
#16 /var/www/hola-bebe/yii/framework/web/CWebApplication.php(209): CModule->getComponent('user')
#17 /var/www/hola-bebe/yii/framework/web/auth/CAccessControlFilter.php(132): CWebApplication->getUser()
#18 /var/www/hola-bebe/yii/framework/web/filters/CFilter.php(38): CAccessControlFilter->preFilter(Object(CFilterChain))
#19 /var/www/hola-bebe/yii/framework/web/CController.php(1145): CFilter->filter(Object(CFilterChain))
#20 /var/www/hola-bebe/yii/framework/web/filters/CInlineFilter.php(58): CController->filterAccessControl(Object(CFilterChain))
#21 /var/www/hola-bebe/yii/framework/web/filters/CFilterChain.php(130): CInlineFilter->filter(Object(CFilterChain))
#22 /var/www/hola-bebe/yii/framework/web/CController.php(291): CFilterChain->run()
#23 /var/www/hola-bebe/yii/framework/web/CController.php(265): CController->runActionWithFilters(Object(CInlineAction), Array)
#24 /var/www/hola-bebe/yii/framework/web/CWebApplication.php(282): CController->run('admin')
#25 /var/www/hola-bebe/yii/framework/web/CWebApplication.php(141): CWebApplication->runController('desarrollo/admi...')
#26 /var/www/hola-bebe/yii/framework/base/CApplication.php(184): CWebApplication->processRequest()
#27 /var/www/hola-bebe/protocolizacion/index.php(13): CApplication->run()
#28 {main}
REQUEST_URI=/hola-bebe/protocolizacion/desarrollo/admin
---
