

***********************************************************************
Fatal NI connect error 12541, connecting to:
 (DESCRIPTION=(ADDRESS=(PROTOCOL=TCP)(HOST=192.168.1.103)(PORT=1526))(CONNECT_DATA=(SERVICE_NAME=topaz)(CID=(PROGRAM=apache2)(HOST=desarrollo)(USER=www-data))))

  VERSION INFORMATION:
	TNS for Linux: Version 10.2.0.3.0 - Production
	TCP/IP NT Protocol Adapter for Linux: Version 10.2.0.3.0 - Production
  Time: 05-JUN-2015 15:44:20
  Tracing not turned on.
  Tns error struct:
    ns main err code: 12541
    TNS-12541: Message 12541 not found; No message file for product=network, facility=TNS
    ns secondary err code: 12560
    nt main err code: 511
    TNS-00511: Message 511 not found; No message file for product=network, facility=TNS
    nt secondary err code: 111


***********************************************************************
Fatal NI connect error 12533, connecting to:
 (DESCRIPTION=(Protocolizacion=(ADDRESS=(PROTOCOL=TCP)(HOST=192.168.1.103)(PORT=1526))(CONNECT_DATA=(SERVICE_NAME=topaz)))(CONNECT_DATA=(CID=(PROGRAM=apache2)(HOST=desarrollo)(USER=www-data))))

  VERSION INFORMATION:
	TNS for Linux: Version 10.2.0.3.0 - Production
	TCP/IP NT Protocol Adapter for Linux: Version 10.2.0.3.0 - Production
  Time: 05-JUN-2015 15:53:35
  Tracing not turned on.
  Tns error struct:
    ns main err code: 12533
    TNS-12533: Message 12533 not found; No message file for product=network, facility=TNS
    ns secondary err code: 0
    nt main err code: 0
    nt secondary err code: 0


***********************************************************************
Fatal NI connect error 12533, connecting to:
 (DESCRIPTION=(Protocolizacion=(ADDRESS=(PROTOCOL=TCP)(HOST=192.168.1.103)(PORT=1521))(CONNECT_DATA=(SERVICE_NAME=topaz)))(CONNECT_DATA=(CID=(PROGRAM=apache2)(HOST=desarrollo)(USER=www-data))))

  VERSION INFORMATION:
	TNS for Linux: Version 10.2.0.3.0 - Production
	TCP/IP NT Protocol Adapter for Linux: Version 10.2.0.3.0 - Production
  Time: 05-JUN-2015 15:54:44
  Tracing not turned on.
  Tns error struct:
    ns main err code: 12533
    TNS-12533: Message 12533 not found; No message file for product=network, facility=TNS
    ns secondary err code: 0
    nt main err code: 0
    nt secondary err code: 0


***********************************************************************
Fatal NI connect error 12533, connecting to:
 (DESCRIPTION=(Protocolizacion=(ADDRESS=(PROTOCOL=TCP)(HOST=192.168.1.103)(PORT=1521))(CONNECT_DATA=(SERVICE_NAME=topaz)))(CONNECT_DATA=(CID=(PROGRAM=apache2)(HOST=desarrollo)(USER=www-data))))

  VERSION INFORMATION:
	TNS for Linux: Version 10.2.0.3.0 - Production
	TCP/IP NT Protocol Adapter for Linux: Version 10.2.0.3.0 - Production
  Time: 05-JUN-2015 15:55:07
  Tracing not turned on.
  Tns error struct:
    ns main err code: 12533
    TNS-12533: Message 12533 not found; No message file for product=network, facility=TNS
    ns secondary err code: 0
    nt main err code: 0
    nt secondary err code: 0


***********************************************************************
Fatal NI connect error 12533, connecting to:
 (DESCRIPTION=(Protocolizacion=(ADDRESS=(PROTOCOL=TCP)(HOST=192.168.1.103)(PORT=1521))(CONNECT_DATA=(SERVICE_NAME=topaz)))(CONNECT_DATA=(CID=(PROGRAM=apache2)(HOST=desarrollo)(USER=www-data))))

  VERSION INFORMATION:
	TNS for Linux: Version 10.2.0.3.0 - Production
	TCP/IP NT Protocol Adapter for Linux: Version 10.2.0.3.0 - Production
  Time: 05-JUN-2015 15:57:49
  Tracing not turned on.
  Tns error struct:
    ns main err code: 12533
    TNS-12533: Message 12533 not found; No message file for product=network, facility=TNS
    ns secondary err code: 0
    nt main err code: 0
    nt secondary err code: 0
    nt OS err code: 0


***********************************************************************
Fatal NI connect error 12533, connecting to:
 (DESCRIPTION=(Protocolizacion=(ADDRESS=(PROTOCOL=TCP)(HOST=192.168.1.103)(PORT=1521))(CONNECT_DATA=(SERVICE_NAME=topaz)))(CONNECT_DATA=(CID=(PROGRAM=apache2)(HOST=desarrollo)(USER=www-data))))

  VERSION INFORMATION:
	TNS for Linux: Version 10.2.0.3.0 - Production
	TCP/IP NT Protocol Adapter for Linux: Version 10.2.0.3.0 - Production
  Time: 05-JUN-2015 16:02:46
  Tracing not turned on.
  Tns error struct:
    ns main err code: 12533
    TNS-12533: Message 12533 not found; No message file for product=network, facility=TNS
    ns secondary err code: 0
    nt main err code: 0
    nt secondary err code: 0


***********************************************************************
Fatal NI connect error 12533, connecting to:
 (DESCRIPTION=(Protocolizacion=(ADDRESS=(HOST=192.168.1.103)(PORT=1521))(CONNECT_DATA=(SERVICE_NAME=topaz)))(CONNECT_DATA=(CID=(PROGRAM=apache2)(HOST=desarrollo)(USER=www-data))))

  VERSION INFORMATION:
	TNS for Linux: Version 10.2.0.3.0 - Production
	TCP/IP NT Protocol Adapter for Linux: Version 10.2.0.3.0 - Production
  Time: 05-JUN-2015 16:12:45
  Tracing not turned on.
  Tns error struct:
    ns main err code: 12533
    TNS-12533: Message 12533 not found; No message file for product=network, facility=TNS
    ns secondary err code: 0
    nt main err code: 0
    nt secondary err code: 0
    nt OS err code: 0


***********************************************************************
Fatal NI connect error 12533, connecting to:
 (DESCRIPTION=(Protocolizacion=(ADDRESS=(HOST=192.168.1.103)(PORT=1521))(CONNECT_DATA=(SERVICE_NAME=topaz)))(CONNECT_DATA=(CID=(PROGRAM=apache2)(HOST=desarrollo)(USER=www-data))))

  VERSION INFORMATION:
	TNS for Linux: Version 10.2.0.3.0 - Production
	TCP/IP NT Protocol Adapter for Linux: Version 10.2.0.3.0 - Production
  Time: 05-JUN-2015 16:13:07
  Tracing not turned on.
  Tns error struct:
    ns main err code: 12533
    TNS-12533: Message 12533 not found; No message file for product=network, facility=TNS
    ns secondary err code: 0
    nt main err code: 0
    nt secondary err code: 0


***********************************************************************
Fatal NI connect error 12533, connecting to:
 (DESCRIPTION=(Protocolizacion=(ADDRESS=(HOST=192.168.1.103)(PORT=1521))(CONNECT_DATA=(SERVICE_NAME=topaz)))(CONNECT_DATA=(CID=(PROGRAM=apache2)(HOST=desarrollo)(USER=www-data))))

  VERSION INFORMATION:
	TNS for Linux: Version 10.2.0.3.0 - Production
	TCP/IP NT Protocol Adapter for Linux: Version 10.2.0.3.0 - Production
  Time: 05-JUN-2015 16:13:25
  Tracing not turned on.
  Tns error struct:
    ns main err code: 12533
    TNS-12533: Message 12533 not found; No message file for product=network, facility=TNS
    ns secondary err code: 0
    nt main err code: 0
    nt secondary err code: 0
    nt OS err code: 0


***********************************************************************
Fatal NI connect error 12533, connecting to:
 (DESCRIPTION=(Protocolizacion=(ADDRESS=(PROTOCOL=TCP)(HOST=192.168.1.103)(PORT=1521))(CONNECT_DATA=(SERVICE_NAME=topaz)))(CONNECT_DATA=(CID=(PROGRAM=apache2)(HOST=desarrollo)(USER=www-data))))

  VERSION INFORMATION:
	TNS for Linux: Version 10.2.0.3.0 - Production
	TCP/IP NT Protocol Adapter for Linux: Version 10.2.0.3.0 - Production
  Time: 05-JUN-2015 16:14:50
  Tracing not turned on.
  Tns error struct:
    ns main err code: 12533
    TNS-12533: Message 12533 not found; No message file for product=network, facility=TNS
    ns secondary err code: 0
    nt main err code: 0
    nt secondary err code: 0


***********************************************************************
Fatal NI connect error 12560, connecting to:
 (DESCRIPTION=(CONNECT_DATA=(SERVICE_NAME=topaz)(CID=(PROGRAM=apache2)(HOST=desarrollo)(USER=www-data)))(ADDRESS=(PROTOCOL=TCP)(HOST=192.168.1.103)(PORT=1521)))

  VERSION INFORMATION:
	TNS for Linux: Version 10.2.0.3.0 - Production
	TCP/IP NT Protocol Adapter for Linux: Version 10.2.0.3.0 - Production
  Time: 05-JUN-2015 16:16:33
  Tracing not turned on.
  Tns error struct:
    ns main err code: 12560
    TNS-12560: Message 12560 not found; No message file for product=network, facility=TNS
    ns secondary err code: 0
    nt main err code: 530
    TNS-00530: Message 530 not found; No message file for product=network, facility=TNS
    nt secondary err code: 113
    nt OS err code: 0


***********************************************************************
Fatal NI connect error 12560, connecting to:
 (DESCRIPTION=(CONNECT_DATA=(SERVICE_NAME=topaz)(CID=(PROGRAM=apache2)(HOST=desarrollo)(USER=www-data)))(ADDRESS=(PROTOCOL=TCP)(HOST=192.168.1.103)(PORT=1521)))

  VERSION INFORMATION:
	TNS for Linux: Version 10.2.0.3.0 - Production
	TCP/IP NT Protocol Adapter for Linux: Version 10.2.0.3.0 - Production
  Time: 05-JUN-2015 16:20:32
  Tracing not turned on.
  Tns error struct:
    ns main err code: 12560
    TNS-12560: Message 12560 not found; No message file for product=network, facility=TNS
    ns secondary err code: 0
    nt main err code: 530
    TNS-00530: Message 530 not found; No message file for product=network, facility=TNS
    nt secondary err code: 113
    nt OS err code: 0


***********************************************************************
Fatal NI connect error 12541, connecting to:
 (DESCRIPTION=(CONNECT_DATA=(SERVICE_NAME=prblin10)(CID=(PROGRAM=apache2)(HOST=desarrollo)(USER=www-data)))(ADDRESS=(PROTOCOL=TCP)(HOST=192.168.1.102)(PORT=1521)))

  VERSION INFORMATION:
	TNS for Linux: Version 10.2.0.3.0 - Production
	TCP/IP NT Protocol Adapter for Linux: Version 10.2.0.3.0 - Production
  Time: 05-JUN-2015 16:44:54
  Tracing not turned on.
  Tns error struct:
    ns main err code: 12541
    TNS-12541: Message 12541 not found; No message file for product=network, facility=TNS
    ns secondary err code: 12560
    nt main err code: 511
    TNS-00511: Message 511 not found; No message file for product=network, facility=TNS
    nt secondary err code: 111
    nt OS err code: 0


***********************************************************************
Fatal NI connect error 12541, connecting to:
 (DESCRIPTION=(CONNECT_DATA=(SERVICE_NAME=prblin10)(CID=(PROGRAM=apache2)(HOST=desarrollo)(USER=www-data)))(ADDRESS=(PROTOCOL=TCP)(HOST=192.168.1.102)(PORT=1521)))

  VERSION INFORMATION:
	TNS for Linux: Version 10.2.0.3.0 - Production
	TCP/IP NT Protocol Adapter for Linux: Version 10.2.0.3.0 - Production
  Time: 05-JUN-2015 16:57:04
  Tracing not turned on.
  Tns error struct:
    ns main err code: 12541
    TNS-12541: Message 12541 not found; No message file for product=network, facility=TNS
    ns secondary err code: 12560
    nt main err code: 511
    TNS-00511: Message 511 not found; No message file for product=network, facility=TNS
    nt secondary err code: 111
    nt OS err code: 0
    nt OS err code: 0


***********************************************************************
Fatal NI connect error 12514, connecting to:
 (DESCRIPTION=(CONNECT_DATA=(SERVICE_NAME=Protocolizacion)(CID=(PROGRAM=apache2)(HOST=desarrollo)(USER=www-data)))(ADDRESS=(PROTOCOL=TCP)(HOST=192.168.1.103)(PORT=1521)))

  VERSION INFORMATION:
	TNS for Linux: Version 10.2.0.3.0 - Production
	TCP/IP NT Protocol Adapter for Linux: Version 10.2.0.3.0 - Production
  Time: 05-JUN-2015 17:35:17
  Tracing not turned on.
  Tns error struct:
    ns main err code: 12564
    TNS-12564: Message 12564 not found; No message file for product=network, facility=TNS
    ns secondary err code: 0
    nt main err code: 0
    nt secondary err code: 0
    nt OS err code: 0


***********************************************************************
Fatal NI connect error 12514, connecting to:
 (DESCRIPTION=(CONNECT_DATA=(SERVICE_NAME=Protocolizacion)(CID=(PROGRAM=apache2)(HOST=desarrollo)(USER=www-data)))(ADDRESS=(PROTOCOL=TCP)(HOST=192.168.1.103)(PORT=1521)))

  VERSION INFORMATION:
	TNS for Linux: Version 10.2.0.3.0 - Production
	TCP/IP NT Protocol Adapter for Linux: Version 10.2.0.3.0 - Production
  Time: 05-JUN-2015 17:38:16
  Tracing not turned on.
  Tns error struct:
    ns main err code: 12564
    TNS-12564: Message 12564 not found; No message file for product=network, facility=TNS
    ns secondary err code: 0
    nt main err code: 0
    nt secondary err code: 0
    nt OS err code: 0


***********************************************************************
Fatal NI connect error 12514, connecting to:
 (DESCRIPTION=(CONNECT_DATA=(SERVICE_NAME=Protocolizacion)(CID=(PROGRAM=apache2)(HOST=desarrollo)(USER=www-data)))(ADDRESS=(PROTOCOL=TCP)(HOST=192.168.1.103)(PORT=1521)))

  VERSION INFORMATION:
	TNS for Linux: Version 10.2.0.3.0 - Production
	TCP/IP NT Protocol Adapter for Linux: Version 10.2.0.3.0 - Production
  Time: 05-JUN-2015 17:38:16
  Tracing not turned on.
  Tns error struct:
    ns main err code: 12564
    TNS-12564: Message 12564 not found; No message file for product=network, facility=TNS
    ns secondary err code: 0
    nt main err code: 0
    nt secondary err code: 0
    nt OS err code: 0


***********************************************************************
Fatal NI connect error 12514, connecting to:
 (DESCRIPTION=(CONNECT_DATA=(SERVICE_NAME=Protocolizacion)(CID=(PROGRAM=apache2)(HOST=desarrollo)(USER=www-data)))(ADDRESS=(PROTOCOL=TCP)(HOST=192.168.1.103)(PORT=1521)))

  VERSION INFORMATION:
	TNS for Linux: Version 10.2.0.3.0 - Production
	TCP/IP NT Protocol Adapter for Linux: Version 10.2.0.3.0 - Production
  Time: 05-JUN-2015 17:38:16
  Tracing not turned on.
  Tns error struct:
    ns main err code: 12564
    TNS-12564: Message 12564 not found; No message file for product=network, facility=TNS
    ns secondary err code: 0
    nt main err code: 0
    nt secondary err code: 0
    nt OS err code: 0


***********************************************************************
Fatal NI connect error 12514, connecting to:
 (DESCRIPTION=(CONNECT_DATA=(SERVICE_NAME=Protocolizacion)(CID=(PROGRAM=apache2)(HOST=desarrollo)(USER=www-data)))(ADDRESS=(PROTOCOL=TCP)(HOST=192.168.1.103)(PORT=1521)))

  VERSION INFORMATION:
	TNS for Linux: Version 10.2.0.3.0 - Production
	TCP/IP NT Protocol Adapter for Linux: Version 10.2.0.3.0 - Production
  Time: 05-JUN-2015 17:41:18
  Tracing not turned on.
  Tns error struct:
    ns main err code: 12564
    TNS-12564: Message 12564 not found; No message file for product=network, facility=TNS
    ns secondary err code: 0
    nt main err code: 0
    nt secondary err code: 0
    nt OS err code: 0


***********************************************************************
Fatal NI connect error 12514, connecting to:
 (DESCRIPTION=(CONNECT_DATA=(SERVICE_NAME=Protocolizacion)(CID=(PROGRAM=apache2)(HOST=desarrollo)(USER=www-data)))(ADDRESS=(PROTOCOL=TCP)(HOST=192.168.1.103)(PORT=1521)))

  VERSION INFORMATION:
	TNS for Linux: Version 10.2.0.3.0 - Production
	TCP/IP NT Protocol Adapter for Linux: Version 10.2.0.3.0 - Production
  Time: 05-JUN-2015 17:41:20
  Tracing not turned on.
  Tns error struct:
    ns main err code: 12564
    TNS-12564: Message 12564 not found; No message file for product=network, facility=TNS
    ns secondary err code: 0
    nt main err code: 0
    nt secondary err code: 0
    nt OS err code: 0


***********************************************************************
Fatal NI connect error 12514, connecting to:
 (DESCRIPTION=(CONNECT_DATA=(SERVICE_NAME=Protocolizacion)(CID=(PROGRAM=apache2)(HOST=desarrollo)(USER=www-data)))(ADDRESS=(PROTOCOL=TCP)(HOST=192.168.1.103)(PORT=1521)))

  VERSION INFORMATION:
	TNS for Linux: Version 10.2.0.3.0 - Production
	TCP/IP NT Protocol Adapter for Linux: Version 10.2.0.3.0 - Production
  Time: 05-JUN-2015 17:47:15
  Tracing not turned on.
  Tns error struct:
    ns main err code: 12564
    TNS-12564: Message 12564 not found; No message file for product=network, facility=TNS
    ns secondary err code: 0
    nt main err code: 0
    nt secondary err code: 0
    nt OS err code: 0
    nt OS err code: 0


***********************************************************************
Fatal NI connect error 12514, connecting to:
 (DESCRIPTION=(CONNECT_DATA=(SERVICE_NAME=protocolizacion)(CID=(PROGRAM=apache2)(HOST=desarrollo)(USER=www-data)))(ADDRESS=(PROTOCOL=TCP)(HOST=192.168.1.103)(PORT=1521)))

  VERSION INFORMATION:
	TNS for Linux: Version 10.2.0.3.0 - Production
	TCP/IP NT Protocol Adapter for Linux: Version 10.2.0.3.0 - Production
  Time: 05-JUN-2015 18:02:31
  Tracing not turned on.
  Tns error struct:
    ns main err code: 12564
    TNS-12564: Message 12564 not found; No message file for product=network, facility=TNS
    ns secondary err code: 0
    nt main err code: 0
    nt secondary err code: 0
    nt OS err code: 0


***********************************************************************
Fatal NI connect error 12514, connecting to:
 (DESCRIPTION=(CONNECT_DATA=(SERVICE_NAME=protocolizacion)(CID=(PROGRAM=apache2)(HOST=desarrollo)(USER=www-data)))(ADDRESS=(PROTOCOL=TCP)(HOST=192.168.1.103)(PORT=1521)))

  VERSION INFORMATION:
	TNS for Linux: Version 10.2.0.3.0 - Production
	TCP/IP NT Protocol Adapter for Linux: Version 10.2.0.3.0 - Production
  Time: 05-JUN-2015 18:23:44
  Tracing not turned on.
  Tns error struct:
    ns main err code: 12564
    TNS-12564: Message 12564 not found; No message file for product=network, facility=TNS
    ns secondary err code: 0
    nt main err code: 0
    nt secondary err code: 0
    nt OS err code: 0
    nt OS err code: 0
    nt OS err code: 0
    nt OS err code: 0
    nt OS err code: 0
    nt OS err code: 0
